<?xml version="1.0" encoding="UTF-8"?>
<!-- Generated by org.testng.reporters.JUnitReportReporter -->
<testsuite hostname="DESKTOP-EUH2O3V" failures="0" tests="2" name="practiceprojectrestassuredscripts.RegisterUser" time="2.555" errors="0" timestamp="2023-12-19T18:19:12 IST" skipped="0">
  <testcase classname="practiceprojectrestassuredscripts.RegisterUser" name="BaseURL" time="1.967"/>
  <system-out/>
  <testcase classname="practiceprojectrestassuredscripts.RegisterUser" name="registerUser" time="0.588"/>
  <system-out/>
</testsuite> <!-- practiceprojectrestassuredscripts.RegisterUser -->
