<?xml version="1.0" encoding="UTF-8"?>
<!-- Generated by org.testng.reporters.JUnitReportReporter -->
<testsuite hostname="DESKTOP-EUH2O3V" failures="0" tests="1" name="practiceprojectrestassuredscripts.GetUser" time="1.794" errors="0" timestamp="2023-12-19T18:15:34 IST" skipped="0">
  <testcase classname="practiceprojectrestassuredscripts.GetUser" name="getUsers" time="1.794"/>
  <system-out/>
</testsuite> <!-- practiceprojectrestassuredscripts.GetUser -->
